<?xml version="1.0" encoding="utf-8"?><testsuites name="pytest tests"><testsuite name="pytest" errors="0" failures="10" skipped="0" tests="245" time="145.214" timestamp="2026-04-11T19:50:50.764476+05:30" hostname="DESKTOP-0829AIP"><testcase classname="tests.test_ai_resume" name="test_calculate_ats_score_success" time="7.112"><failure message="TypeError: expected string or bytes-like object, got 'MagicMock'">tests\test_ai_resume.py:78: in test_calculate_ats_score_success
    result = await calculate_ats_score(mock_resume, "Looking for a Python dev with Kubernetes")
             ^^^^^^^^^^^^^^^^^^^^^^^^^^^^^^^^^^^^^^^^^^^^^^^^^^^^^^^^^^^^^^^^^^^^^^^^^^^^^^^^^^
app\services\resume_service\ats_analyzer.py:281: in calculate_ats_score
    return _heuristic_only_report(resume, resume_text, jd_requirements, target_context)
           ^^^^^^^^^^^^^^^^^^^^^^^^^^^^^^^^^^^^^^^^^^^^^^^^^^^^^^^^^^^^^^^^^^^^^^^^^^^^
app\services\resume_service\ats_analyzer.py:658: in _heuristic_only_report
    links = re.findall(r"https?://(?:www\.)?[\w\-]+\.(?:com|io|me|net|dev)/[^\s]*", text)
            ^^^^^^^^^^^^^^^^^^^^^^^^^^^^^^^^^^^^^^^^^^^^^^^^^^^^^^^^^^^^^^^^^^^^^^^^^^^^^
C:\Python313\Lib\re\__init__.py:278: in findall
    return _compile(pattern, flags).findall(string)
           ^^^^^^^^^^^^^^^^^^^^^^^^^^^^^^^^^^^^^^^^
E   TypeError: expected string or bytes-like object, got 'MagicMock'</failure></testcase><testcase classname="tests.test_ai_resume" name="test_calculate_ats_score_failure" time="0.016"><failure message="TypeError: expected string or bytes-like object, got 'MagicMock'">tests\test_ai_resume.py:93: in test_calculate_ats_score_failure
    result = await calculate_ats_score(mock_resume, "Some job")
             ^^^^^^^^^^^^^^^^^^^^^^^^^^^^^^^^^^^^^^^^^^^^^^^^^^
app\services\resume_service\ats_analyzer.py:281: in calculate_ats_score
    return _heuristic_only_report(resume, resume_text, jd_requirements, target_context)
           ^^^^^^^^^^^^^^^^^^^^^^^^^^^^^^^^^^^^^^^^^^^^^^^^^^^^^^^^^^^^^^^^^^^^^^^^^^^^
app\services\resume_service\ats_analyzer.py:658: in _heuristic_only_report
    links = re.findall(r"https?://(?:www\.)?[\w\-]+\.(?:com|io|me|net|dev)/[^\s]*", text)
            ^^^^^^^^^^^^^^^^^^^^^^^^^^^^^^^^^^^^^^^^^^^^^^^^^^^^^^^^^^^^^^^^^^^^^^^^^^^^^
C:\Python313\Lib\re\__init__.py:278: in findall
    return _compile(pattern, flags).findall(string)
           ^^^^^^^^^^^^^^^^^^^^^^^^^^^^^^^^^^^^^^^^
E   TypeError: expected string or bytes-like object, got 'MagicMock'</failure></testcase><testcase classname="tests.test_analytics.TestAnalytics" name="test_get_analytics_unauthenticated" time="0.015" /><testcase classname="tests.test_analytics.TestAnalytics" name="test_get_analytics_default_range" time="7.116" /><testcase classname="tests.test_analytics.TestAnalytics" name="test_get_analytics_7d" time="0.591" /><testcase classname="tests.test_analytics.TestAnalytics" name="test_get_analytics_90d" time="0.588" /><testcase classname="tests.test_auth.TestRegister" name="test_register_success" time="6.674" /><testcase classname="tests.test_auth.TestRegister" name="test_register_duplicate_email" time="6.649" /><testcase classname="tests.test_auth.TestRegister" name="test_register_invalid_email" time="0.011" /><testcase classname="tests.test_auth.TestLogin" name="test_login_success" time="6.683" /><testcase classname="tests.test_auth.TestLogin" name="test_login_wrong_password" time="6.713" /><testcase classname="tests.test_auth.TestLogin" name="test_login_nonexistent_user" time="0.016" /><testcase classname="tests.test_auth.TestProtectedRoutes" name="test_get_me_authenticated" time="0.260" /><testcase classname="tests.test_auth.TestProtectedRoutes" name="test_get_me_unauthenticated" time="0.010" /><testcase classname="tests.test_auth.TestProtectedRoutes" name="test_get_me_invalid_token" time="0.010" /><testcase classname="tests.test_auth.TestProtectedRoutes" name="test_logout" time="0.522" /><testcase classname="tests.test_enhanced_resume_service.TestEmbeddingService" name="test_batch_embed" time="29.688" /><testcase classname="tests.test_enhanced_resume_service.TestEmbeddingService" name="test_compute_similarity" time="3.848" /><testcase classname="tests.test_enhanced_resume_service.TestEmbeddingService" name="test_get_embedding" time="3.431" /><testcase classname="tests.test_enhanced_resume_service.TestEmbeddingService" name="test_get_skill_category" time="3.353" /><testcase classname="tests.test_enhanced_resume_service.TestEmbeddingService" name="test_match_skills_semantic" time="3.340" /><testcase classname="tests.test_enhanced_resume_service.TestMLScorer" name="test_extract_features" time="0.002"><failure message="AssertionError: array([ 0. ,  0. ,  3. ,  0. ,  3. ,  2. , 10.5, 50. ,  1. ,  5. , 10. ,&#10;        0. , 70. , 70. , 75. ]) is not an instance of &lt;class 'list'&gt;">tests\test_enhanced_resume_service.py:116: in test_extract_features
    self.assertIsInstance(features, list)
E   AssertionError: array([ 0. ,  0. ,  3. ,  0. ,  3. ,  2. , 10.5, 50. ,  1. ,  5. , 10. ,
E           0. , 70. , 70. , 75. ]) is not an instance of &lt;class 'list'&gt;</failure></testcase><testcase classname="tests.test_enhanced_resume_service.TestMLScorer" name="test_predict_score" time="0.000" /><testcase classname="tests.test_enhanced_resume_service.TestMLScorer" name="test_rule_based_score" time="0.000" /><testcase classname="tests.test_enhanced_resume_service.TestMLScorer" name="test_train_model" time="0.201"><failure message="AssertionError: 'accuracy' not found in {'error': 'Invalid classes inferred from unique values of `y`.  Expected: [0], got [1]'}">tests\test_enhanced_resume_service.py:164: in test_train_model
    self.assertIn("accuracy", metrics)
E   AssertionError: 'accuracy' not found in {'error': 'Invalid classes inferred from unique values of `y`.  Expected: [0], got [1]'}</failure></testcase><testcase classname="tests.test_enhanced_resume_service.TestFeedbackService" name="test_calculate_model_performance" time="0.003" /><testcase classname="tests.test_enhanced_resume_service.TestFeedbackService" name="test_get_training_data" time="0.013" /><testcase classname="tests.test_enhanced_resume_service.TestFeedbackService" name="test_record_application" time="0.001" /><testcase classname="tests.test_enhanced_resume_service.TestFeedbackService" name="test_record_feedback" time="0.004" /><testcase classname="tests.test_enhanced_resume_service.TestFeedbackService" name="test_record_outcome" time="0.002" /><testcase classname="tests.test_enhanced_resume_service.TestFeedbackService" name="test_should_retrain" time="0.002" /><testcase classname="tests.test_enhanced_resume_service.TestEnsembleParser" name="test_extract_with_regex" time="0.001" /><testcase classname="tests.test_enhanced_resume_service.TestEnsembleParser" name="test_merge_results" time="0.001" /><testcase classname="tests.test_enhanced_resume_service.TestEnsembleParser" name="test_parse_resume" time="0.014"><failure message="AssertionError: ParsedResumeWithConfidence(full_name=ConfidenceScore(value={'full_name': 'John Doe'}, confidence=0.85, source='heuristic', alternatives=[]), email=ConfidenceScore(value='john@example.com', confidence=0.95, source='regex', alternatives=[]), phone=ConfidenceScore(value='+1234567890', confidence=0.95, source='regex', alternatives=[]), linkedin_url=None, github_url=None, location=ConfidenceScore(value='', confidence=0.0, source='none', alternatives=[]), title=ConfidenceScore(value='Software Engineer', confidence=0.75, source='heuristic', alternatives=[]), summary=ConfidenceScore(value='', confidence=0.7, source='heuristic', alternatives=[]), target_role=ConfidenceScore(value='', confidence=0.0, source='none', alternatives=[]), education=ConfidenceScore(value=[{'school': '', 'degree': 'B.Tech', 'major': 'Computer Science', 'gpa': '', 'start_date': '', 'end_date': '', 'current': False, 'location': '', 'description': 'B.Tech in Computer Science'}, {'school': 'ABC University', 'degree': '', 'major': '', 'gpa': '', 'start_date': '2018', 'end_date': '2022', 'current': False, 'location': '', 'description': 'ABC University, 2018-2022'}], confidence=0.8, source='heuristic', alternatives=[]), experience=ConfidenceScore(value=[{'company': 'Software Developer at XYZ Corp', 'role': '', 'location': '', 'start_date': '', 'end_date': '', 'current': False, 'description': '', 'points': []}, {'company': '', 'role': '', 'location': '', 'start_date': 'Jan 2022', 'end_date': '', 'current': True, 'description': 'Developed web applications\nLed team projects', 'points': ['Developed web applications', 'Led team projects']}], confidence=0.8, source='heuristic', alternatives=[]), projects=ConfidenceScore(value=[], confidence=0.3, source='heuristic', alternatives=[]), skills=ConfidenceScore(value=[{'name': 'Python', 'category': 'Technical'}, {'name': 'JavaScript', 'category': 'Technical'}, {'name': 'React', 'category': 'Technical'}], confidence=0.8, source='ensemble', alternatives=[]), achievements=ConfidenceScore(value=[], confidence=0.3, source='heuristic', alternatives=[]), certifications=ConfidenceScore(value=[], confidence=0.3, source='heuristic', alternatives=[]), overall_confidence=0.751, parsing_method='heuristic', parsing_time_ms=13.56, raw_text='\n        John Doe\n        Software Engineer\n        Email: john@example.com\n        Phone: +1234567890\n        \n        EDUCATION\n        B.Tech in Computer Science\n        ABC University, 2018-2022\n        \n        EXPERIENCE\n        Software Developer at XYZ Corp\n        Jan 2022 - Present\n        - Developed web applications\n        - Led team projects\n        \n        SKILLS\n        Python, JavaScript, React\n        ') is not an instance of &lt;class 'dict'&gt;">tests\test_enhanced_resume_service.py:292: in test_parse_resume
    self.assertIsInstance(result, dict)
E   AssertionError: ParsedResumeWithConfidence(full_name=ConfidenceScore(value={'full_name': 'John Doe'}, confidence=0.85, source='heuristic', alternatives=[]), email=ConfidenceScore(value='john@example.com', confidence=0.95, source='regex', alternatives=[]), phone=ConfidenceScore(value='+1234567890', confidence=0.95, source='regex', alternatives=[]), linkedin_url=None, github_url=None, location=ConfidenceScore(value='', confidence=0.0, source='none', alternatives=[]), title=ConfidenceScore(value='Software Engineer', confidence=0.75, source='heuristic', alternatives=[]), summary=ConfidenceScore(value='', confidence=0.7, source='heuristic', alternatives=[]), target_role=ConfidenceScore(value='', confidence=0.0, source='none', alternatives=[]), education=ConfidenceScore(value=[{'school': '', 'degree': 'B.Tech', 'major': 'Computer Science', 'gpa': '', 'start_date': '', 'end_date': '', 'current': False, 'location': '', 'description': 'B.Tech in Computer Science'}, {'school': 'ABC University', 'degree': '', 'major': '', 'gpa': '', 'start_date': '2018', 'end_date': '2022', 'current': False, 'location': '', 'description': 'ABC University, 2018-2022'}], confidence=0.8, source='heuristic', alternatives=[]), experience=ConfidenceScore(value=[{'company': 'Software Developer at XYZ Corp', 'role': '', 'location': '', 'start_date': '', 'end_date': '', 'current': False, 'description': '', 'points': []}, {'company': '', 'role': '', 'location': '', 'start_date': 'Jan 2022', 'end_date': '', 'current': True, 'description': 'Developed web applications\nLed team projects', 'points': ['Developed web applications', 'Led team projects']}], confidence=0.8, source='heuristic', alternatives=[]), projects=ConfidenceScore(value=[], confidence=0.3, source='heuristic', alternatives=[]), skills=ConfidenceScore(value=[{'name': 'Python', 'category': 'Technical'}, {'name': 'JavaScript', 'category': 'Technical'}, {'name': 'React', 'category': 'Technical'}], confidence=0.8, source='ensemble', alternatives=[]), achievements=ConfidenceScore(value=[], confidence=0.3, source='heuristic', alternatives=[]), certifications=ConfidenceScore(value=[], confidence=0.3, source='heuristic', alternatives=[]), overall_confidence=0.751, parsing_method='heuristic', parsing_time_ms=13.56, raw_text='\n        John Doe\n        Software Engineer\n        Email: john@example.com\n        Phone: +1234567890\n        \n        EDUCATION\n        B.Tech in Computer Science\n        ABC University, 2018-2022\n        \n        EXPERIENCE\n        Software Developer at XYZ Corp\n        Jan 2022 - Present\n        - Developed web applications\n        - Led team projects\n        \n        SKILLS\n        Python, JavaScript, React\n        ') is not an instance of &lt;class 'dict'&gt;</failure></testcase><testcase classname="tests.test_enhanced_resume_service.TestEnsembleParser" name="test_parse_with_heuristics" time="0.003" /><testcase classname="tests.test_enhanced_resume_service.TestEnhancedATSAnalyzer" name="test_analyze_resume" time="3.381"><failure message="AssertionError: &lt;coroutine object EnhancedATSAnalyzer.analyze_resume at 0x00000193800DED90&gt; is not an instance of &lt;class 'dict'&gt;">tests\test_enhanced_resume_service.py:396: in test_analyze_resume
    self.assertIsInstance(result, dict)
E   AssertionError: &lt;coroutine object EnhancedATSAnalyzer.analyze_resume at 0x00000193800DED90&gt; is not an instance of &lt;class 'dict'&gt;</failure></testcase><testcase classname="tests.test_enhanced_resume_service.TestEnhancedATSAnalyzer" name="test_calculate_ats_parseability" time="0.002" /><testcase classname="tests.test_enhanced_resume_service.TestEnhancedATSAnalyzer" name="test_calculate_content_quality" time="0.000" /><testcase classname="tests.test_enhanced_resume_service.TestEnhancedATSAnalyzer" name="test_calculate_experience_score" time="0.001" /><testcase classname="tests.test_enhanced_resume_service.TestIntegration" name="test_backward_compatibility" time="0.000" /><testcase classname="tests.test_enhanced_resume_service.TestIntegration" name="test_end_to_end_analysis" time="0.000" /><testcase classname="tests.test_enhanced_resume_service.TestIntegration" name="test_service_instantiation" time="0.000" /><testcase classname="tests.test_integration.TestAuthIntegration" name="test_complete_registration_login_flow" time="6.686" /><testcase classname="tests.test_integration.TestAuthIntegration" name="test_password_reset_workflow" time="6.591" /><testcase classname="tests.test_integration.TestAuthIntegration" name="test_token_refresh_workflow" time="6.667" /><testcase classname="tests.test_integration.TestResumeIntegration" name="test_complete_resume_workflow" time="0.928" /><testcase classname="tests.test_integration.TestResumeIntegration" name="test_resume_ats_analysis_workflow" time="0.516" /><testcase classname="tests.test_integration.TestJobApplicationIntegration" name="test_complete_application_workflow" time="0.647" /><testcase classname="tests.test_integration.TestJobApplicationIntegration" name="test_application_with_job_matching" time="0.467" /><testcase classname="tests.test_integration.TestInterviewIntegration" name="test_complete_interview_workflow" time="0.618" /><testcase classname="tests.test_integration.TestInterviewIntegration" name="test_interview_question_generation" time="0.276" /><testcase classname="tests.test_integration.TestNotificationIntegration" name="test_notification_workflow" time="0.376" /><testcase classname="tests.test_integration.TestAnalyticsIntegration" name="test_user_analytics_workflow" time="0.257" /><testcase classname="tests.test_integration.TestAnalyticsIntegration" name="test_analytics_with_different_time_ranges" time="0.266" /><testcase classname="tests.test_integration.TestErrorHandling" name="test_invalid_authentication_header" time="0.009" /><testcase classname="tests.test_integration.TestErrorHandling" name="test_missing_required_fields" time="0.252" /><testcase classname="tests.test_integration.TestErrorHandling" name="test_invalid_data_types" time="0.254" /><testcase classname="tests.test_integration.TestErrorHandling" name="test_resource_not_found" time="0.274" /><testcase classname="tests.test_integration.TestErrorHandling" name="test_unauthorized_access" time="0.022" /><testcase classname="tests.test_integration.TestErrorHandling" name="test_duplicate_resource_creation" time="0.424" /><testcase classname="tests.test_integration.TestErrorHandling" name="test_large_payload_handling" time="0.461" /><testcase classname="tests.test_integration.TestErrorHandling" name="test_sql_injection_prevention" time="0.261" /><testcase classname="tests.test_integration.TestErrorHandling" name="test_xss_prevention" time="0.422" /><testcase classname="tests.test_integration.TestConcurrentOperations" name="test_concurrent_resume_updates" time="0.585" /><testcase classname="tests.test_integration.TestDatabaseTransactions" name="test_transaction_rollback_on_error" time="0.245" /><testcase classname="tests.test_integration.TestDatabaseTransactions" name="test_bulk_operations" time="2.546" /><testcase classname="tests.test_interview.TestInterviewSessions" name="test_create_session" time="0.449" /><testcase classname="tests.test_interview.TestInterviewSessions" name="test_list_sessions" time="0.265" /><testcase classname="tests.test_interview.TestInterviewSessions" name="test_get_session_not_found" time="0.255" /><testcase classname="tests.test_interview.TestInterviewSessions" name="test_delete_session_not_found" time="0.254" /><testcase classname="tests.test_interview.TestInterviewSessions" name="test_generate_questions" time="0.265" /><testcase classname="tests.test_interview.TestInterviewSessions" name="test_sessions_require_auth" time="0.010" /><testcase classname="tests.test_jobs.TestJobsEndpoints" name="test_list_jobs_unauthenticated" time="0.011" /><testcase classname="tests.test_jobs.TestJobsEndpoints" name="test_list_jobs_authenticated" time="0.273" /><testcase classname="tests.test_jobs.TestJobsEndpoints" name="test_search_jobs" time="0.262" /><testcase classname="tests.test_jobs.TestJobsEndpoints" name="test_get_job_not_found" time="0.276" /><testcase classname="tests.test_jobs.TestJobsEndpoints" name="test_get_saved_jobs" time="0.289" /><testcase classname="tests.test_jobs.TestJobsEndpoints" name="test_save_nonexistent_job" time="0.295" /><testcase classname="tests.test_jobs.TestApplicationsEndpoints" name="test_list_applications_empty" time="0.288" /><testcase classname="tests.test_jobs.TestApplicationsEndpoints" name="test_create_application_freeform" time="0.426" /><testcase classname="tests.test_jobs.TestApplicationsEndpoints" name="test_create_application_missing_fields" time="0.282" /><testcase classname="tests.test_jobs.TestApplicationsEndpoints" name="test_update_application_status" time="0.484" /><testcase classname="tests.test_jobs.TestApplicationsEndpoints" name="test_delete_application" time="0.554" /><testcase classname="tests.test_jobs.TestApplicationsEndpoints" name="test_list_applications_with_filter" time="0.285" /><testcase classname="tests.test_matching_scoring.TestMatchingEngine" name="test_calculate_skill_overlap_perfect_match" time="0.002" /><testcase classname="tests.test_matching_scoring.TestMatchingEngine" name="test_calculate_skill_overlap_partial_match" time="0.001" /><testcase classname="tests.test_matching_scoring.TestMatchingEngine" name="test_calculate_skill_overlap_no_match" time="0.001" /><testcase classname="tests.test_matching_scoring.TestMatchingEngine" name="test_calculate_skill_overlap_empty_resume" time="0.001" /><testcase classname="tests.test_matching_scoring.TestMatchingEngine" name="test_calculate_skill_overlap_empty_job" time="0.001" /><testcase classname="tests.test_matching_scoring.TestMatchingEngine" name="test_calculate_skill_overlap_case_insensitive" time="0.001" /><testcase classname="tests.test_matching_scoring.TestMatchingEngine" name="test_calculate_experience_match_exact_years" time="0.002" /><testcase classname="tests.test_matching_scoring.TestMatchingEngine" name="test_calculate_experience_match_overqualified" time="0.001" /><testcase classname="tests.test_matching_scoring.TestMatchingEngine" name="test_calculate_experience_match_underqualified" time="0.001" /><testcase classname="tests.test_matching_scoring.TestMatchingEngine" name="test_calculate_experience_match_no_years_mentioned" time="0.001" /><testcase classname="tests.test_matching_scoring.TestMatchingEngine" name="test_calculate_semantic_similarity_high[asyncio]" time="0.002" /><testcase classname="tests.test_matching_scoring.TestMatchingEngine" name="test_calculate_semantic_similarity_low[asyncio]" time="0.003" /><testcase classname="tests.test_matching_scoring.TestMatchingEngine" name="test_get_match_score_comprehensive[asyncio]" time="0.002" /><testcase classname="tests.test_matching_scoring.TestScoringEngine" name="test_calculate_match_score_high_match" time="0.003" /><testcase classname="tests.test_matching_scoring.TestScoringEngine" name="test_calculate_match_score_low_match" time="0.002" /><testcase classname="tests.test_matching_scoring.TestScoringEngine" name="test_calculate_match_score_empty_resume" time="0.000" /><testcase classname="tests.test_matching_scoring.TestScoringEngine" name="test_calculate_match_score_empty_job" time="0.000" /><testcase classname="tests.test_matching_scoring.TestScoringEngine" name="test_calculate_selection_probability_single_candidate" time="0.000" /><testcase classname="tests.test_matching_scoring.TestScoringEngine" name="test_calculate_selection_probability_multiple_candidates" time="0.000" /><testcase classname="tests.test_matching_scoring.TestScoringEngine" name="test_calculate_selection_probability_equal_scores" time="0.000" /><testcase classname="tests.test_matching_scoring.TestScoringEngine" name="test_estimate_job_difficulty_senior_role" time="0.000" /><testcase classname="tests.test_matching_scoring.TestScoringEngine" name="test_estimate_job_difficulty_junior_role" time="0.000" /><testcase classname="tests.test_matching_scoring.TestScoringEngine" name="test_estimate_job_difficulty_empty_inputs" time="0.000" /><testcase classname="tests.test_matching_scoring.TestScoringEngine" name="test_evaluate_resume_quality_high_quality" time="0.000" /><testcase classname="tests.test_matching_scoring.TestScoringEngine" name="test_evaluate_resume_quality_low_quality" time="0.000" /><testcase classname="tests.test_matching_scoring.TestScoringEngine" name="test_evaluate_resume_quality_missing_contact_info" time="0.000" /><testcase classname="tests.test_matching_scoring.TestSkillExtractor" name="test_extract_keywords_from_text" time="0.002" /><testcase classname="tests.test_matching_scoring.TestSkillExtractor" name="test_extract_keywords_empty_text" time="0.002" /><testcase classname="tests.test_matching_scoring.TestSkillExtractor" name="test_extract_keywords_with_stop_words" time="0.002" /><testcase classname="tests.test_matching_scoring.TestSkillExtractor" name="test_extract_with_llm_success[asyncio]" time="0.002" /><testcase classname="tests.test_matching_scoring.TestSkillExtractor" name="test_extract_with_llm_failure_fallback[asyncio]" time="0.002" /><testcase classname="tests.test_matching_scoring.TestSkillExtractor" name="test_get_skills_and_tags[asyncio]" time="0.002" /><testcase classname="tests.test_models.TestUserModel" name="test_user_creation" time="0.240" /><testcase classname="tests.test_models.TestUserModel" name="test_user_unique_email" time="0.477" /><testcase classname="tests.test_models.TestUserModel" name="test_user_relationships" time="0.239" /><testcase classname="tests.test_models.TestResumeModel" name="test_resume_creation" time="0.239" /><testcase classname="tests.test_models.TestResumeModel" name="test_resume_user_relationship" time="0.236" /><testcase classname="tests.test_models.TestResumeModel" name="test_resume_versions_relationship" time="0.236" /><testcase classname="tests.test_models.TestResumeModel" name="test_resume_skills_relationship" time="0.239" /><testcase classname="tests.test_models.TestSkillModel" name="test_skill_creation" time="0.004" /><testcase classname="tests.test_models.TestSkillModel" name="test_skill_unique_name" time="0.003"><failure message="Failed: DID NOT RAISE &lt;class 'Exception'&gt;">tests\test_models.py:215: in test_skill_unique_name
    with pytest.raises(Exception):  # Should raise integrity error
         ^^^^^^^^^^^^^^^^^^^^^^^^
E   Failed: DID NOT RAISE &lt;class 'Exception'&gt;</failure></testcase><testcase classname="tests.test_models.TestEducationModel" name="test_education_creation" time="0.252" /><testcase classname="tests.test_models.TestEducationModel" name="test_education_resume_relationship" time="0.252" /><testcase classname="tests.test_models.TestExperienceModel" name="test_experience_creation" time="0.249" /><testcase classname="tests.test_models.TestExperienceModel" name="test_experience_resume_relationship" time="0.247" /><testcase classname="tests.test_models.TestProjectModel" name="test_project_creation" time="0.241" /><testcase classname="tests.test_models.TestProjectModel" name="test_project_resume_relationship" time="0.247" /><testcase classname="tests.test_models.TestJobModel" name="test_job_creation" time="0.006" /><testcase classname="tests.test_models.TestJobModel" name="test_job_skills_relationship" time="0.011" /><testcase classname="tests.test_models.TestJobApplicationModel" name="test_job_application_creation" time="0.248" /><testcase classname="tests.test_models.TestJobApplicationModel" name="test_job_application_user_relationship" time="0.238" /><testcase classname="tests.test_models.TestJobApplicationModel" name="test_job_application_job_relationship" time="0.238" /><testcase classname="tests.test_models.TestInterviewSessionModel" name="test_interview_session_creation" time="0.234" /><testcase classname="tests.test_models.TestInterviewSessionModel" name="test_interview_session_user_relationship" time="0.241" /><testcase classname="tests.test_models.TestNotificationModel" name="test_notification_creation" time="0.236" /><testcase classname="tests.test_models.TestNotificationModel" name="test_notification_user_relationship" time="0.265" /><testcase classname="tests.test_models.TestSubscriptionPlanModel" name="test_subscription_plan_creation" time="0.005" /><testcase classname="tests.test_models.TestSubscriptionPlanModel" name="test_subscription_plan_unique_name" time="0.007" /><testcase classname="tests.test_models.TestUserSubscriptionModel" name="test_user_subscription_creation" time="0.278" /><testcase classname="tests.test_models.TestUserSubscriptionModel" name="test_user_subscription_user_relationship" time="0.256" /><testcase classname="tests.test_models.TestUserSubscriptionModel" name="test_user_subscription_plan_relationship" time="0.248" /><testcase classname="tests.test_models.TestUserSettingsModel" name="test_user_settings_creation" time="0.237" /><testcase classname="tests.test_models.TestUserSettingsModel" name="test_user_settings_user_relationship" time="0.240" /><testcase classname="tests.test_models.TestCalendarEventModel" name="test_calendar_event_creation" time="0.242" /><testcase classname="tests.test_models.TestCalendarEventModel" name="test_calendar_event_user_relationship" time="0.246" /><testcase classname="tests.test_resume_service.TestTextExtraction" name="test_clean_text_removes_extra_whitespace" time="0.000" /><testcase classname="tests.test_resume_service.TestTextExtraction" name="test_clean_text_handles_none" time="0.000" /><testcase classname="tests.test_resume_service.TestTextExtraction" name="test_clean_text_handles_empty_string" time="0.000" /><testcase classname="tests.test_resume_service.TestContactExtraction" name="test_extract_email_valid" time="0.000" /><testcase classname="tests.test_resume_service.TestContactExtraction" name="test_extract_email_multiple" time="0.000" /><testcase classname="tests.test_resume_service.TestContactExtraction" name="test_extract_email_none" time="0.000" /><testcase classname="tests.test_resume_service.TestContactExtraction" name="test_extract_phone_valid" time="0.000" /><testcase classname="tests.test_resume_service.TestContactExtraction" name="test_extract_phone_none" time="0.000" /><testcase classname="tests.test_resume_service.TestContactExtraction" name="test_extract_linkedin_valid" time="0.000" /><testcase classname="tests.test_resume_service.TestContactExtraction" name="test_extract_linkedin_full_url" time="0.000" /><testcase classname="tests.test_resume_service.TestContactExtraction" name="test_extract_linkedin_none" time="0.000" /><testcase classname="tests.test_resume_service.TestContactExtraction" name="test_extract_github_valid" time="0.000" /><testcase classname="tests.test_resume_service.TestContactExtraction" name="test_extract_github_none" time="0.000" /><testcase classname="tests.test_resume_service.TestContactExtraction" name="test_extract_portfolio_valid" time="0.000" /><testcase classname="tests.test_resume_service.TestContactExtraction" name="test_extract_portfolio_none" time="0.000" /><testcase classname="tests.test_resume_service.TestNameExtraction" name="test_extract_name_from_header" time="0.000" /><testcase classname="tests.test_resume_service.TestNameExtraction" name="test_extract_name_none" time="0.000" /><testcase classname="tests.test_resume_service.TestTitleExtraction" name="test_extract_title_valid" time="0.001" /><testcase classname="tests.test_resume_service.TestTitleExtraction" name="test_extract_title_none" time="0.000" /><testcase classname="tests.test_resume_service.TestSectionExtraction" name="test_extract_sections_identifies_headers" time="0.001" /><testcase classname="tests.test_resume_service.TestEducationExtraction" name="test_extract_education_details" time="0.001" /><testcase classname="tests.test_resume_service.TestExperienceExtraction" name="test_extract_experience_details" time="0.000" /><testcase classname="tests.test_resume_service.TestProjectExtraction" name="test_extract_project_details" time="0.001" /><testcase classname="tests.test_resume_service.TestSkillExtraction" name="test_extract_skills_from_section" time="0.000" /><testcase classname="tests.test_resume_service.TestSkillExtraction" name="test_extract_skills_from_text" time="0.000" /><testcase classname="tests.test_resume_service.TestSkillMatcher" name="test_match_skills_exact_match" time="0.000" /><testcase classname="tests.test_resume_service.TestSkillMatcher" name="test_match_skills_no_match" time="0.000" /><testcase classname="tests.test_resume_service.TestSkillMatcher" name="test_match_skills_perfect_match" time="0.000" /><testcase classname="tests.test_resume_service.TestSkillMatcher" name="test_extract_skills_from_text_for_matching" time="0.000" /><testcase classname="tests.test_resume_service.TestJDRequirementParsing" name="test_parse_jd_requirements" time="0.000" /><testcase classname="tests.test_resume_service.TestJDRequirementParsing" name="test_parse_jd_requirements_empty" time="0.000" /><testcase classname="tests.test_resume_service.TestJDRequirementParsing" name="test_split_jd_sections" time="0.000" /><testcase classname="tests.test_resume_service.TestJDRequirementParsing" name="test_normalise_skill" time="0.000" /><testcase classname="tests.test_resume_service.TestJDRequirementParsing" name="test_match_skills_function" time="0.000" /><testcase classname="tests.test_resume_service.TestATSScoreCalculation" name="test_calculate_ats_score_with_mock_llm" time="0.025"><failure message="TypeError: expected string or bytes-like object, got 'MagicMock'">tests\test_resume_service.py:424: in test_calculate_ats_score_with_mock_llm
    result = await calculate_ats_score(sample_resume, jd)
             ^^^^^^^^^^^^^^^^^^^^^^^^^^^^^^^^^^^^^^^^^^^^
app\services\resume_service\ats_analyzer.py:281: in calculate_ats_score
    return _heuristic_only_report(resume, resume_text, jd_requirements, target_context)
           ^^^^^^^^^^^^^^^^^^^^^^^^^^^^^^^^^^^^^^^^^^^^^^^^^^^^^^^^^^^^^^^^^^^^^^^^^^^^
app\services\resume_service\ats_analyzer.py:658: in _heuristic_only_report
    links = re.findall(r"https?://(?:www\.)?[\w\-]+\.(?:com|io|me|net|dev)/[^\s]*", text)
            ^^^^^^^^^^^^^^^^^^^^^^^^^^^^^^^^^^^^^^^^^^^^^^^^^^^^^^^^^^^^^^^^^^^^^^^^^^^^^
C:\Python313\Lib\re\__init__.py:278: in findall
    return _compile(pattern, flags).findall(string)
           ^^^^^^^^^^^^^^^^^^^^^^^^^^^^^^^^^^^^^^^^
E   TypeError: expected string or bytes-like object, got 'MagicMock'</failure></testcase><testcase classname="tests.test_resume_service.TestATSScoreCalculation" name="test_calculate_ats_score_llm_failure_fallback" time="0.009"><failure message="TypeError: expected string or bytes-like object, got 'MagicMock'">tests\test_resume_service.py:436: in test_calculate_ats_score_llm_failure_fallback
    result = await calculate_ats_score(sample_resume, jd)
             ^^^^^^^^^^^^^^^^^^^^^^^^^^^^^^^^^^^^^^^^^^^^
app\services\resume_service\ats_analyzer.py:281: in calculate_ats_score
    return _heuristic_only_report(resume, resume_text, jd_requirements, target_context)
           ^^^^^^^^^^^^^^^^^^^^^^^^^^^^^^^^^^^^^^^^^^^^^^^^^^^^^^^^^^^^^^^^^^^^^^^^^^^^
app\services\resume_service\ats_analyzer.py:658: in _heuristic_only_report
    links = re.findall(r"https?://(?:www\.)?[\w\-]+\.(?:com|io|me|net|dev)/[^\s]*", text)
            ^^^^^^^^^^^^^^^^^^^^^^^^^^^^^^^^^^^^^^^^^^^^^^^^^^^^^^^^^^^^^^^^^^^^^^^^^^^^^
C:\Python313\Lib\re\__init__.py:278: in findall
    return _compile(pattern, flags).findall(string)
           ^^^^^^^^^^^^^^^^^^^^^^^^^^^^^^^^^^^^^^^^
E   TypeError: expected string or bytes-like object, got 'MagicMock'</failure></testcase><testcase classname="tests.test_resume_service.TestATSScoreCalculation" name="test_calculate_ats_score_empty_jd" time="0.025"><failure message="TypeError: expected string or bytes-like object, got 'MagicMock'">tests\test_resume_service.py:446: in test_calculate_ats_score_empty_jd
    result = await calculate_ats_score(sample_resume, "")
             ^^^^^^^^^^^^^^^^^^^^^^^^^^^^^^^^^^^^^^^^^^^^
app\services\resume_service\ats_analyzer.py:281: in calculate_ats_score
    return _heuristic_only_report(resume, resume_text, jd_requirements, target_context)
           ^^^^^^^^^^^^^^^^^^^^^^^^^^^^^^^^^^^^^^^^^^^^^^^^^^^^^^^^^^^^^^^^^^^^^^^^^^^^
app\services\resume_service\ats_analyzer.py:658: in _heuristic_only_report
    links = re.findall(r"https?://(?:www\.)?[\w\-]+\.(?:com|io|me|net|dev)/[^\s]*", text)
            ^^^^^^^^^^^^^^^^^^^^^^^^^^^^^^^^^^^^^^^^^^^^^^^^^^^^^^^^^^^^^^^^^^^^^^^^^^^^^
C:\Python313\Lib\re\__init__.py:278: in findall
    return _compile(pattern, flags).findall(string)
           ^^^^^^^^^^^^^^^^^^^^^^^^^^^^^^^^^^^^^^^^
E   TypeError: expected string or bytes-like object, got 'MagicMock'</failure></testcase><testcase classname="tests.test_resumes.TestResumeEndpoints" name="test_list_resumes_empty" time="0.276" /><testcase classname="tests.test_resumes.TestResumeEndpoints" name="test_list_resumes_unauthenticated" time="0.011" /><testcase classname="tests.test_resumes.TestResumeEndpoints" name="test_create_resume" time="0.477" /><testcase classname="tests.test_resumes.TestResumeEndpoints" name="test_get_resume_not_found" time="0.278" /><testcase classname="tests.test_resumes.TestResumeEndpoints" name="test_upload_resume_pdf" time="0.443" /><testcase classname="tests.test_resumes.TestResumeEndpoints" name="test_delete_resume_not_found" time="0.285" /><testcase classname="tests.test_resumes.TestATSEndpoints" name="test_ats_score_no_resume" time="0.286" /><testcase classname="tests.test_resumes.TestATSEndpoints" name="test_ats_check_no_resume" time="0.257" /><testcase classname="tests.test_resumes.TestATSEndpoints" name="test_job_recommendations_no_resume" time="0.265" /><testcase classname="tests.test_resumes.TestATSEndpoints" name="test_optimize_resume_no_resume" time="0.281" /><testcase classname="tests.test_resumes.TestATSEndpoints" name="test_process_pipeline_no_resume" time="0.284" /><testcase classname="tests.test_security.TestPasswordHashing" name="test_hash_password_returns_string" time="0.245" /><testcase classname="tests.test_security.TestPasswordHashing" name="test_verify_correct_password" time="0.475" /><testcase classname="tests.test_security.TestPasswordHashing" name="test_verify_incorrect_password" time="0.497" /><testcase classname="tests.test_security.TestPasswordHashing" name="test_different_hashes_for_same_password" time="1.032" /><testcase classname="tests.test_security.TestPasswordHashing" name="test_empty_password" time="0.707" /><testcase classname="tests.test_security.TestPasswordHashing" name="test_unicode_password" time="0.498" /><testcase classname="tests.test_security.TestPasswordHashing" name="test_generate_strong_password_default_length" time="0.001" /><testcase classname="tests.test_security.TestPasswordHashing" name="test_generate_strong_password_custom_length" time="0.000" /><testcase classname="tests.test_security.TestPasswordHashing" name="test_generate_strong_password_contains_various_chars" time="0.001" /><testcase classname="tests.test_security.TestAccessToken" name="test_create_access_token_returns_string" time="0.000" /><testcase classname="tests.test_security.TestAccessToken" name="test_decode_valid_access_token" time="0.001" /><testcase classname="tests.test_security.TestAccessToken" name="test_decode_invalid_token_returns_none" time="0.000" /><testcase classname="tests.test_security.TestAccessToken" name="test_decode_token_with_wrong_type_returns_none" time="0.000" /><testcase classname="tests.test_security.TestAccessToken" name="test_access_token_expiration" time="0.001" /><testcase classname="tests.test_security.TestAccessToken" name="test_access_token_contains_user_id" time="0.000" /><testcase classname="tests.test_security.TestAccessToken" name="test_access_token_missing_email_returns_none" time="0.000" /><testcase classname="tests.test_security.TestRefreshToken" name="test_create_refresh_token_returns_string" time="0.000" /><testcase classname="tests.test_security.TestRefreshToken" name="test_decode_valid_refresh_token" time="0.000" /><testcase classname="tests.test_security.TestRefreshToken" name="test_decode_invalid_refresh_token_returns_none" time="0.000" /><testcase classname="tests.test_security.TestRefreshToken" name="test_refresh_token_not_in_store_returns_none" time="0.000" /><testcase classname="tests.test_security.TestRefreshToken" name="test_create_token_pair" time="0.000" /><testcase classname="tests.test_security.TestRefreshToken" name="test_rotate_refresh_token_success" time="0.001" /><testcase classname="tests.test_security.TestRefreshToken" name="test_rotate_invalid_token_returns_none" time="0.000" /><testcase classname="tests.test_security.TestRefreshToken" name="test_revoke_refresh_token_success" time="0.001" /><testcase classname="tests.test_security.TestRefreshToken" name="test_revoke_nonexistent_refresh_token_returns_false" time="0.000" /><testcase classname="tests.test_security.TestRefreshToken" name="test_revoke_access_token" time="0.001" /><testcase classname="tests.test_security.TestRefreshToken" name="test_is_token_revoked" time="0.001" /><testcase classname="tests.test_security.TestPasswordResetToken" name="test_create_password_reset_token" time="0.001" /><testcase classname="tests.test_security.TestPasswordResetToken" name="test_verify_valid_password_reset_token" time="0.000" /><testcase classname="tests.test_security.TestPasswordResetToken" name="test_verify_invalid_password_reset_token_returns_none" time="0.000" /><testcase classname="tests.test_security.TestPasswordResetToken" name="test_password_reset_token_expires" time="0.001" /><testcase classname="tests.test_security.TestPasswordResetToken" name="test_password_reset_token_wrong_type_returns_none" time="0.000" /><testcase classname="tests.test_security.TestEmailVerificationToken" name="test_create_email_verification_token" time="0.000" /><testcase classname="tests.test_security.TestEmailVerificationToken" name="test_verify_valid_email_verification_token" time="0.000" /><testcase classname="tests.test_security.TestEmailVerificationToken" name="test_verify_invalid_email_verification_token_returns_none" time="0.000" /><testcase classname="tests.test_security.TestEmailVerificationToken" name="test_email_verification_token_wrong_type_returns_none" time="0.000" /><testcase classname="tests.test_security.TestTokenCleanup" name="test_cleanup_expired_tokens" time="0.000" /><testcase classname="tests.test_security.TestTokenExpiry" name="test_get_access_token_expiry" time="0.000" /><testcase classname="tests.test_security.TestTokenExpiry" name="test_get_refresh_token_expiry" time="0.000" /><testcase classname="tests.test_security.TestTokenExpiry" name="test_get_default_token_expiry" time="0.000" /><testcase classname="tests.test_users.TestUserProfile" name="test_get_profile" time="0.259" /><testcase classname="tests.test_users.TestUserProfile" name="test_get_profile_unauthenticated" time="0.011" /><testcase classname="tests.test_users.TestUserProfile" name="test_update_profile" time="0.360" /><testcase classname="tests.test_users.TestUserProfile" name="test_update_profile_partial" time="0.343" /><testcase classname="tests.test_users.TestUserProfile" name="test_get_dashboard_stats" time="0.300" /><testcase classname="tests.test_users.TestNotifications" name="test_list_notifications" time="0.286" /><testcase classname="tests.test_users.TestNotifications" name="test_unread_count" time="0.284" /><testcase classname="tests.test_users.TestNotifications" name="test_mark_all_read" time="2.401" /></testsuite></testsuites>