<?xml version="1.0" encoding="utf-8"?><testsuites name="pytest tests"><testsuite name="pytest" errors="0" failures="0" skipped="0" tests="26" time="33.213" timestamp="2026-04-11T20:07:51.079465+05:30" hostname="DESKTOP-0829AIP"><testcase classname="tests.test_enhanced_resume_service.TestEmbeddingService" name="test_batch_embed" time="14.012" /><testcase classname="tests.test_enhanced_resume_service.TestEmbeddingService" name="test_compute_similarity" time="3.308" /><testcase classname="tests.test_enhanced_resume_service.TestEmbeddingService" name="test_get_embedding" time="3.317" /><testcase classname="tests.test_enhanced_resume_service.TestEmbeddingService" name="test_get_skill_category" time="3.282" /><testcase classname="tests.test_enhanced_resume_service.TestEmbeddingService" name="test_match_skills_semantic" time="3.480" /><testcase classname="tests.test_enhanced_resume_service.TestMLScorer" name="test_extract_features" time="0.002" /><testcase classname="tests.test_enhanced_resume_service.TestMLScorer" name="test_predict_score" time="0.001" /><testcase classname="tests.test_enhanced_resume_service.TestMLScorer" name="test_rule_based_score" time="0.001" /><testcase classname="tests.test_enhanced_resume_service.TestMLScorer" name="test_train_model" time="0.210" /><testcase classname="tests.test_enhanced_resume_service.TestFeedbackService" name="test_calculate_model_performance" time="0.004" /><testcase classname="tests.test_enhanced_resume_service.TestFeedbackService" name="test_get_training_data" time="0.017" /><testcase classname="tests.test_enhanced_resume_service.TestFeedbackService" name="test_record_application" time="0.002" /><testcase classname="tests.test_enhanced_resume_service.TestFeedbackService" name="test_record_feedback" time="0.002" /><testcase classname="tests.test_enhanced_resume_service.TestFeedbackService" name="test_record_outcome" time="0.002" /><testcase classname="tests.test_enhanced_resume_service.TestFeedbackService" name="test_should_retrain" time="0.002" /><testcase classname="tests.test_enhanced_resume_service.TestEnsembleParser" name="test_extract_with_regex" time="0.002" /><testcase classname="tests.test_enhanced_resume_service.TestEnsembleParser" name="test_merge_results" time="0.001" /><testcase classname="tests.test_enhanced_resume_service.TestEnsembleParser" name="test_parse_resume" time="0.063" /><testcase classname="tests.test_enhanced_resume_service.TestEnsembleParser" name="test_parse_with_heuristics" time="0.003" /><testcase classname="tests.test_enhanced_resume_service.TestEnhancedATSAnalyzer" name="test_analyze_resume" time="3.422" /><testcase classname="tests.test_enhanced_resume_service.TestEnhancedATSAnalyzer" name="test_calculate_ats_parseability" time="0.003" /><testcase classname="tests.test_enhanced_resume_service.TestEnhancedATSAnalyzer" name="test_calculate_content_quality" time="0.001" /><testcase classname="tests.test_enhanced_resume_service.TestEnhancedATSAnalyzer" name="test_calculate_experience_score" time="0.003" /><testcase classname="tests.test_enhanced_resume_service.TestIntegration" name="test_backward_compatibility" time="0.001" /><testcase classname="tests.test_enhanced_resume_service.TestIntegration" name="test_end_to_end_analysis" time="0.001" /><testcase classname="tests.test_enhanced_resume_service.TestIntegration" name="test_service_instantiation" time="1.991" /></testsuite></testsuites>